[2020-06-09 16:07:20,574][INFO ][main] Starting DemoApplication on jsq.local with PID 93658 (/Users/work/微智联/reconciliation-system/target/classes started by jsq in /Users/work/微智联/reconciliation-system) (StartupInfoLogger.java:55)
[2020-06-09 16:07:20,580][INFO ][main] No active profile set, falling back to default profiles: default (SpringApplication.java:651)
[2020-06-09 16:07:21,249][INFO ][main] Tomcat initialized with port(s): 9000 (http) (TomcatWebServer.java:108)
[2020-06-09 16:07:21,255][INFO ][main] Initializing ProtocolHandler ["http-nio-9000"] (DirectJDKLog.java:173)
[2020-06-09 16:07:21,255][INFO ][main] Starting service [Tomcat] (DirectJDKLog.java:173)
[2020-06-09 16:07:21,255][INFO ][main] Starting Servlet engine: [Apache Tomcat/9.0.35] (DirectJDKLog.java:173)
[2020-06-09 16:07:21,310][INFO ][main] Initializing Spring embedded WebApplicationContext (DirectJDKLog.java:173)
[2020-06-09 16:07:21,310][INFO ][main] Root WebApplicationContext: initialization completed in 701 ms (ServletWebServerApplicationContext.java:284)
[2020-06-09 16:07:21,584][INFO ][main] Initializing ExecutorService 'applicationTaskExecutor' (ExecutorConfigurationSupport.java:181)
[2020-06-09 16:07:21,818][INFO ][main] {dataSource-1} inited (DruidDataSource.java:994)
[2020-06-09 16:07:22,365][INFO ][main] SELECT COUNT(*) FROM `reconciliation-system`.DATABASECHANGELOGLOCK (Slf4jLogger.java:42)
[2020-06-09 16:07:22,423][INFO ][main] SELECT COUNT(*) FROM `reconciliation-system`.DATABASECHANGELOGLOCK (Slf4jLogger.java:42)
[2020-06-09 16:07:22,425][INFO ][main] SELECT `LOCKED` FROM `reconciliation-system`.DATABASECHANGELOGLOCK WHERE ID=1 (Slf4jLogger.java:42)
[2020-06-09 16:07:22,448][INFO ][main] Successfully acquired change log lock (Slf4jLogger.java:42)
[2020-06-09 16:07:23,842][INFO ][main] SELECT MD5SUM FROM `reconciliation-system`.DATABASECHANGELOG WHERE MD5SUM IS NOT NULL LIMIT 1 (Slf4jLogger.java:42)
[2020-06-09 16:07:23,845][INFO ][main] SELECT COUNT(*) FROM `reconciliation-system`.DATABASECHANGELOG (Slf4jLogger.java:42)
[2020-06-09 16:07:23,846][INFO ][main] Reading from `reconciliation-system`.DATABASECHANGELOG (Slf4jLogger.java:42)
[2020-06-09 16:07:23,846][INFO ][main] SELECT * FROM `reconciliation-system`.DATABASECHANGELOG ORDER BY DATEEXECUTED ASC, ORDEREXECUTED ASC (Slf4jLogger.java:42)
[2020-06-09 16:07:23,871][INFO ][main] Successfully released change log lock (Slf4jLogger.java:42)
[2020-06-09 16:07:23,900][INFO ][main] Starting ProtocolHandler ["http-nio-9000"] (DirectJDKLog.java:173)
[2020-06-09 16:07:23,921][INFO ][main] Tomcat started on port(s): 9000 (http) with context path '' (TomcatWebServer.java:220)
[2020-06-09 16:07:23,928][INFO ][main] Started DemoApplication in 3.704 seconds (JVM running for 4.423) (StartupInfoLogger.java:61)
[2020-06-09 16:07:33,347][INFO ][http-nio-9000-exec-1] Initializing Spring DispatcherServlet 'dispatcherServlet' (DirectJDKLog.java:173)
[2020-06-09 16:07:33,347][INFO ][http-nio-9000-exec-1] Initializing Servlet 'dispatcherServlet' (FrameworkServlet.java:525)
[2020-06-09 16:07:33,353][INFO ][http-nio-9000-exec-1] Completed initialization in 5 ms (FrameworkServlet.java:547)
[2020-06-09 16:07:33,370][INFO ][http-nio-9000-exec-1] hello world! (ApiController.java:23)
[2020-06-09 16:09:08,994][INFO ][SpringContextShutdownHook] Shutting down ExecutorService 'applicationTaskExecutor' (ExecutorConfigurationSupport.java:218)
[2020-06-09 16:09:08,995][INFO ][SpringContextShutdownHook] {dataSource-1} closing ... (DruidDataSource.java:2029)
[2020-06-09 16:09:08,998][INFO ][SpringContextShutdownHook] {dataSource-1} closed (DruidDataSource.java:2101)
